2021-02-10 19:50:34 [@glpi]
0 segundo for "Trabalho em progresso..." @ 2021-02-10 19:50:34 [@glpi]
0 segundo for "Alteração de layout do banco de dados - glpi_entities" @ 2021-02-10 19:50:36 [@glpi]
2 segundos for "Alteração de layout do banco de dados - glpi_entities" @ 2021-02-10 19:50:36 [@glpi]
0 segundo for "Alteração de layout do banco de dados - glpi_items_softwareversions" @ 2021-02-10 19:50:36 [@glpi]
0 segundo for "Alteração de layout do banco de dados - glpi_items_softwareversions" @ 2021-02-10 19:50:37 [@glpi]
1 segundo for "Alteração de layout do banco de dados - glpi_items_softwarelicenses" @ 2021-02-10 19:50:37 [@glpi]
0 segundo for "Rename "AuthLdap" itemtype to "AuthLDAP" in all tables" @ 2021-02-10 19:50:37 [@glpi]
0 segundo for "Rename "Crontask" itemtype to "CronTask" in all tables" @ 2021-02-10 19:50:39 [@glpi]
2 segundos for "Rename "InfoCom" itemtype to "Infocom" in all tables" @ 2021-02-10 19:50:39 [@glpi]
0 segundo for "Alteração de layout do banco de dados - glpi_documents_items" @ 2021-02-10 19:50:40 [@glpi]
1 segundo for "Adicionando índice único - glpi_documents_items" @ 2021-02-10 19:50:40 [@glpi]
0 segundo for "Alteração de layout do banco de dados - glpi_entities" @ 2021-02-10 19:50:40 [@glpi]
0 segundo for "Alteração de layout do banco de dados - glpi_items_disks" @ 2021-02-10 19:50:41 [@glpi]
1 segundo for "Alteração de layout do banco de dados - glpi_suppliers" @ 2021-02-10 19:50:41 [@glpi]
0 segundo for "Alteração de layout do banco de dados - glpi_users" @ 2021-02-10 19:50:41 [@glpi]
0 segundo for "Alteração de layout do banco de dados - glpi_softwarelicenses" @ 2021-02-10 19:50:41 [@glpi]
0 segundo for "Alteração de layout do banco de dados - glpi_states" @ 2021-02-10 19:50:42 [@glpi]
1 segundo for "Alteração de layout do banco de dados - glpi_itilcategories" @ 2021-02-10 19:50:42 [@glpi]
0 segundo for "Alteração de layout do banco de dados - glpi_tickettemplatehiddenfields" @ 2021-02-10 19:50:42 [@glpi]
0 segundo for "Alteração de layout do banco de dados - glpi_tickettemplatemandatoryfields" @ 2021-02-10 19:50:42 [@glpi]
0 segundo for "Alteração de layout do banco de dados - glpi_tickettemplatepredefinedfields" @ 2021-02-10 19:50:42 [@glpi]
0 segundo for "Alteração de layout do banco de dados - glpi_projects" @ 2021-02-10 19:50:42 [@glpi]
0 segundo for "Alteração de layout do banco de dados - glpi_projecttasks" @ 2021-02-10 19:50:42 [@glpi]
0 segundo for "Adicionando índice único - glpi_projecttasks" @ 2021-02-10 19:50:43 [@glpi]
1 segundo for "Alteração de layout do banco de dados - glpi_items_softwarelicenses" @ 2021-02-10 19:50:43 [@glpi]
0 segundo for "Alteração de layout do banco de dados - glpi_tickettasks" @ 2021-02-10 19:50:43 [@glpi]
0 segundo for "Adicionando índice único - glpi_tickettasks" @ 2021-02-10 19:50:43 [@glpi]
0 segundo for "Alteração de layout do banco de dados - glpi_profiles" @ 2021-02-10 19:50:43 [@glpi]
0 segundo for "Alteração de layout do banco de dados - glpi_planningexternalevents" @ 2021-02-10 19:50:43 [@glpi]
0 segundo for "Adicionando índice único - glpi_planningexternalevents" @ 2021-02-10 19:50:43 [@glpi]
0 segundo for "Alteração de layout do banco de dados - glpi_reminders" @ 2021-02-10 19:50:43 [@glpi]
0 segundo for "Adicionando índice único - glpi_reminders" @ 2021-02-10 19:50:44 [@glpi]
1 segundo for "Alteração de layout do banco de dados - glpi_changetasks" @ 2021-02-10 19:50:44 [@glpi]
0 segundo for "Adicionando índice único - glpi_changetasks" @ 2021-02-10 19:50:44 [@glpi]
0 segundo for "Alteração de layout do banco de dados - glpi_problemtasks" @ 2021-02-10 19:50:44 [@glpi]
0 segundo for "Adicionando índice único - glpi_problemtasks" @ 2021-02-10 19:50:44 [@glpi]
0 segundo for "Alteração de layout do banco de dados - glpi_domains" @ 2021-02-10 19:50:44 [@glpi]
0 segundo for "Alteração de layout do banco de dados - glpi_computers" @ 2021-02-10 19:50:45 [@glpi]
1 segundo for "Alteração de layout do banco de dados - glpi_networkequipments" @ 2021-02-10 19:50:45 [@glpi]
0 segundo for "Alteração de layout do banco de dados - glpi_printers" @ 2021-02-10 19:50:45 [@glpi]
0 segundo for "Alteração de layout do banco de dados - glpi_domains_items" @ 2021-02-10 19:50:45 [@glpi]
0 segundo for "Alteração de layout do banco de dados - glpi_impactitems" @ 2021-02-10 19:50:45 [@glpi]
0 segundo for "Alteração de layout do banco de dados - glpi_mailcollectors" @ 2021-02-10 19:50:45 [@glpi]
0 segundo for "Alteração de layout do banco de dados - glpi_contracts" @ 2021-02-10 19:50:45 [@glpi]
0 segundo for "Alteração de layout do banco de dados - glpi_notifications" @ 2021-02-10 19:50:46 [@glpi]
1 segundo for "Alteração de layout do banco de dados - glpi_items_devicesimcards" @ 2021-02-10 19:50:46 [@glpi]
0 segundo for "Adicionando índice único - glpi_items_softwareversions" @ 2021-02-10 19:50:46 [@glpi]
0 segundo for "Valores de configuração adicionados para timezone, devices_in_menu, impact_assets_list, default_dashboard_central, default_dashboard_assets, default_dashboard_helpdesk, default_dashboard_mini_ticket, ssologout_url, password_expiration_delay, password_expiration_notice, password_expiration_lock_delay, translate_reminders, impact_enabled_itemtypes, admin_email_noreply, admin_email_noreply_name, glpinetwork_registration_key (core)." @ 2021-02-10 19:50:46 [@glpi]
0 segundo for "Tarefa concluída." @ 